{"type":"server-started","port":61059,"host":"127.0.0.1","url_host":"localhost","url":"http://localhost:61059","screen_dir":"/Users/maximkirienkov/programming/dchat/dchat_1/.superpowers/brainstorm/12638-1773576291"}
{"type":"screen-added","file":"/Users/maximkirienkov/programming/dchat/dchat_1/.superpowers/brainstorm/12638-1773576291/architecture-approaches.html"}
{"source":"user-event","type":"click","text":"A\n    \n      Monolith Core — рекомендую\n      Единое ядро (core lib) содержит всю бизнес-логику, P2P, крипто, хранилище. Dioxus UI — тонкая оболочка, которая вызывает core через Rust API.\n      \n        ┌─────────────────────────────────┐\n        │  Dioxus UI (Desktop/Web/Mobile)  │\n        └──────────────┬──────────────────┘\n                       │ Rust API calls\n        ┌──────────────▼──────────────────┐\n        │     dchat-core (library crate)    │\n        │  ┌────────┐ ┌──────┐ ┌───────┐  │\n        │  │Network │ │Crypto│ │Storage│  │\n        │  │ (iroh)  │ │(E2E) │ │(SQLite)│  │\n        │  └────────┘ └──────┘ └───────┘  │\n        └─────────────────────────────────┘\n      \n      \n        Pros\n          Один codebase — UI просто рендерит состояние\n          Проще тестировать ядро без UI\n          Все платформы получают одинаковую логику\n          Быстрый путь к MVP\n        \n        Cons\n          Веб-платформа потребует relay (нет прямых сокетов)\n          Нужна условная компиляция для платформ","choice":"a","id":null,"timestamp":1773576977662}
{"type":"screen-added","file":"/Users/maximkirienkov/programming/dchat/dchat_1/.superpowers/brainstorm/12638-1773576291/project-structure.html"}
{"type":"screen-added","file":"/Users/maximkirienkov/programming/dchat/dchat_1/.superpowers/brainstorm/12638-1773576291/data-flow.html"}
{"type":"screen-added","file":"/Users/maximkirienkov/programming/dchat/dchat_1/.superpowers/brainstorm/12638-1773576291/data-model.html"}
{"type":"screen-added","file":"/Users/maximkirienkov/programming/dchat/dchat_1/.superpowers/brainstorm/12638-1773576291/wire-protocol.html"}
{"type":"screen-added","file":"/Users/maximkirienkov/programming/dchat/dchat_1/.superpowers/brainstorm/12638-1773576291/crypto-design.html"}
{"type":"screen-added","file":"/Users/maximkirienkov/programming/dchat/dchat_1/.superpowers/brainstorm/12638-1773576291/ui-screens.html"}
{"type":"screen-added","file":"/Users/maximkirienkov/programming/dchat/dchat_1/.superpowers/brainstorm/12638-1773576291/ui-screens-v2.html"}
{"type":"screen-added","file":"/Users/maximkirienkov/programming/dchat/dchat_1/.superpowers/brainstorm/12638-1773576291/realmax-ui-design.html"}
{"type":"screen-added","file":"/Users/maximkirienkov/programming/dchat/dchat_1/.superpowers/brainstorm/12638-1773576291/realmax-ui-futuristic.html"}
{"type":"screen-added","file":"/Users/maximkirienkov/programming/dchat/dchat_1/.superpowers/brainstorm/12638-1773576291/imax-telegram-style.html"}
{"type":"screen-updated","file":"/Users/maximkirienkov/programming/dchat/dchat_1/.superpowers/brainstorm/12638-1773576291/imax-telegram-style.html"}
{"type":"screen-updated","file":"/Users/maximkirienkov/programming/dchat/dchat_1/.superpowers/brainstorm/12638-1773576291/imax-telegram-style.html"}
{"type":"screen-updated","file":"/Users/maximkirienkov/programming/dchat/dchat_1/.superpowers/brainstorm/12638-1773576291/imax-telegram-style.html"}
{"type":"screen-updated","file":"/Users/maximkirienkov/programming/dchat/dchat_1/.superpowers/brainstorm/12638-1773576291/imax-telegram-style.html"}
{"type":"screen-updated","file":"/Users/maximkirienkov/programming/dchat/dchat_1/.superpowers/brainstorm/12638-1773576291/imax-telegram-style.html"}
{"type":"screen-updated","file":"/Users/maximkirienkov/programming/dchat/dchat_1/.superpowers/brainstorm/12638-1773576291/imax-telegram-style.html"}
{"type":"screen-updated","file":"/Users/maximkirienkov/programming/dchat/dchat_1/.superpowers/brainstorm/12638-1773576291/imax-telegram-style.html"}
{"type":"screen-updated","file":"/Users/maximkirienkov/programming/dchat/dchat_1/.superpowers/brainstorm/12638-1773576291/imax-telegram-style.html"}
{"type":"screen-updated","file":"/Users/maximkirienkov/programming/dchat/dchat_1/.superpowers/brainstorm/12638-1773576291/imax-telegram-style.html"}
{"type":"server-stopped","reason":"idle timeout"}
